2020/11/18 14:44:06 [emerg] 1#1: host not found in upstream "php" in /etc/nginx/conf.d/php.conf:16
2020/11/18 14:44:47 [emerg] 1#1: host not found in upstream "php" in /etc/nginx/conf.d/php.conf:16
2020/11/18 15:18:10 [emerg] 1#1: host not found in upstream "php" in /etc/nginx/conf.d/php.conf:16
2020/11/18 15:56:49 [error] 19#19: *1 FastCGI sent in stderr: "Primary script unknown" while reading response header from upstream, client: 192.168.112.1, server: localhost, request: "GET / HTTP/1.1", upstream: "fastcgi://192.168.112.3:9000", host: "localhost"
2020/11/18 15:56:52 [error] 19#19: *1 FastCGI sent in stderr: "Primary script unknown" while reading response header from upstream, client: 192.168.112.1, server: localhost, request: "GET / HTTP/1.1", upstream: "fastcgi://192.168.112.3:9000", host: "localhost"
2020/11/18 16:10:19 [emerg] 1#1: open() "/etc/nginx/nginx.conf" failed (2: No such file or directory)
2020/11/18 16:10:20 [emerg] 1#1: open() "/etc/nginx/nginx.conf" failed (2: No such file or directory)
2020/11/18 16:10:21 [emerg] 1#1: open() "/etc/nginx/nginx.conf" failed (2: No such file or directory)
2020/11/18 16:10:22 [emerg] 1#1: open() "/etc/nginx/nginx.conf" failed (2: No such file or directory)
2020/11/18 16:10:24 [emerg] 1#1: open() "/etc/nginx/nginx.conf" failed (2: No such file or directory)
2020/11/18 16:10:27 [emerg] 1#1: open() "/etc/nginx/nginx.conf" failed (2: No such file or directory)
2020/11/18 16:10:31 [emerg] 1#1: open() "/etc/nginx/nginx.conf" failed (2: No such file or directory)
2020/11/18 16:10:38 [emerg] 1#1: open() "/etc/nginx/nginx.conf" failed (2: No such file or directory)
2020/11/18 16:10:52 [emerg] 1#1: open() "/etc/nginx/nginx.conf" failed (2: No such file or directory)
2020/11/18 16:11:18 [emerg] 1#1: open() "/etc/nginx/nginx.conf" failed (2: No such file or directory)
2020/11/18 16:11:44 [error] 19#19: *1 FastCGI sent in stderr: "Primary script unknown" while reading response header from upstream, client: 192.168.160.1, server: localhost, request: "GET / HTTP/1.1", upstream: "fastcgi://192.168.160.2:9000", host: "localhost"
2020/11/18 16:20:28 [emerg] 1#1: invalid parameter "443" in /etc/nginx/conf.d/php.conf:2
2020/11/18 16:20:29 [emerg] 1#1: invalid parameter "443" in /etc/nginx/conf.d/php.conf:2
2020/11/18 16:20:30 [emerg] 1#1: invalid parameter "443" in /etc/nginx/conf.d/php.conf:2
2020/11/18 16:20:31 [emerg] 1#1: invalid parameter "443" in /etc/nginx/conf.d/php.conf:2
2020/11/18 16:20:33 [emerg] 1#1: invalid parameter "443" in /etc/nginx/conf.d/php.conf:2
2020/11/18 16:20:35 [emerg] 1#1: invalid parameter "443" in /etc/nginx/conf.d/php.conf:2
2020/11/18 16:20:38 [emerg] 1#1: invalid parameter "443" in /etc/nginx/conf.d/php.conf:2
2020/11/18 16:20:46 [emerg] 1#1: invalid parameter "443" in /etc/nginx/conf.d/php.conf:2
2020/11/18 16:20:59 [emerg] 1#1: invalid parameter "443" in /etc/nginx/conf.d/php.conf:2
2020/11/18 16:21:25 [emerg] 1#1: invalid parameter "443" in /etc/nginx/conf.d/php.conf:2
2020/11/18 16:22:17 [emerg] 1#1: invalid parameter "443" in /etc/nginx/conf.d/php.conf:2
2020/11/18 16:23:17 [emerg] 1#1: invalid parameter "443" in /etc/nginx/conf.d/php.conf:2
2020/11/18 16:24:18 [emerg] 1#1: invalid parameter "443" in /etc/nginx/conf.d/php.conf:2
2020/11/18 16:25:18 [emerg] 1#1: invalid parameter "443" in /etc/nginx/conf.d/php.conf:2
2020/11/18 16:26:18 [emerg] 1#1: invalid parameter "443" in /etc/nginx/conf.d/php.conf:2
2020/11/18 16:27:19 [emerg] 1#1: invalid parameter "443" in /etc/nginx/conf.d/php.conf:2
2020/11/18 16:28:19 [emerg] 1#1: invalid parameter "443" in /etc/nginx/conf.d/php.conf:2
2020/11/18 16:29:20 [emerg] 1#1: invalid parameter "443" in /etc/nginx/conf.d/php.conf:2
2020/11/18 16:30:18 [emerg] 1#1: invalid parameter "443" in /etc/nginx/conf.d/php.conf:2
2020/11/18 16:30:19 [emerg] 1#1: invalid parameter "443" in /etc/nginx/conf.d/php.conf:2
2020/11/18 16:30:19 [emerg] 1#1: invalid parameter "443" in /etc/nginx/conf.d/php.conf:2
2020/11/18 16:30:20 [emerg] 1#1: invalid parameter "443" in /etc/nginx/conf.d/php.conf:2
2020/11/18 16:30:21 [emerg] 1#1: invalid parameter "443" in /etc/nginx/conf.d/php.conf:2
2020/11/18 16:30:23 [emerg] 1#1: invalid parameter "443" in /etc/nginx/conf.d/php.conf:2
2020/11/18 16:30:27 [emerg] 1#1: invalid parameter "443" in /etc/nginx/conf.d/php.conf:2
2020/11/18 16:30:34 [emerg] 1#1: invalid parameter "443" in /etc/nginx/conf.d/php.conf:2
2020/11/18 16:30:47 [emerg] 1#1: invalid parameter "443" in /etc/nginx/conf.d/php.conf:2
2020/11/18 16:31:13 [emerg] 1#1: invalid parameter "443" in /etc/nginx/conf.d/php.conf:2
2020/11/18 16:32:05 [emerg] 1#1: invalid parameter "443" in /etc/nginx/conf.d/php.conf:2
2020/11/18 16:33:05 [emerg] 1#1: invalid parameter "443" in /etc/nginx/conf.d/php.conf:2
2020/11/18 16:34:06 [emerg] 1#1: invalid parameter "443" in /etc/nginx/conf.d/php.conf:2
2020/11/18 16:35:06 [emerg] 1#1: invalid parameter "443" in /etc/nginx/conf.d/php.conf:2
2020/11/18 16:36:07 [emerg] 1#1: invalid parameter "443" in /etc/nginx/conf.d/php.conf:2
2020/11/18 16:36:22 [emerg] 1#1: invalid parameter "443" in /etc/nginx/conf.d/php.conf:2
2020/11/18 16:36:23 [emerg] 1#1: invalid parameter "443" in /etc/nginx/conf.d/php.conf:2
2020/11/18 16:36:23 [emerg] 1#1: invalid parameter "443" in /etc/nginx/conf.d/php.conf:2
2020/11/18 16:36:24 [emerg] 1#1: invalid parameter "443" in /etc/nginx/conf.d/php.conf:2
2020/11/18 16:36:25 [emerg] 1#1: invalid parameter "443" in /etc/nginx/conf.d/php.conf:2
2020/11/18 16:36:28 [emerg] 1#1: invalid parameter "443" in /etc/nginx/conf.d/php.conf:2
2020/11/18 16:36:31 [emerg] 1#1: invalid parameter "443" in /etc/nginx/conf.d/php.conf:2
2020/11/18 16:36:38 [emerg] 1#1: invalid parameter "443" in /etc/nginx/conf.d/php.conf:2
2020/11/18 16:36:51 [emerg] 1#1: invalid parameter "443" in /etc/nginx/conf.d/php.conf:2
2020/11/18 17:28:16 [emerg] 1#1: no "ssl_certificate" is defined for the "listen ... ssl" directive in /etc/nginx/conf.d/php.conf:1
2020/11/18 17:28:16 [emerg] 1#1: no "ssl_certificate" is defined for the "listen ... ssl" directive in /etc/nginx/conf.d/php.conf:1
2020/11/18 17:28:17 [emerg] 1#1: no "ssl_certificate" is defined for the "listen ... ssl" directive in /etc/nginx/conf.d/php.conf:1
2020/11/18 17:28:19 [emerg] 1#1: no "ssl_certificate" is defined for the "listen ... ssl" directive in /etc/nginx/conf.d/php.conf:1
2020/11/18 17:28:20 [emerg] 1#1: no "ssl_certificate" is defined for the "listen ... ssl" directive in /etc/nginx/conf.d/php.conf:1
2020/11/18 17:28:22 [emerg] 1#1: no "ssl_certificate" is defined for the "listen ... ssl" directive in /etc/nginx/conf.d/php.conf:1
2020/11/18 17:28:26 [emerg] 1#1: no "ssl_certificate" is defined for the "listen ... ssl" directive in /etc/nginx/conf.d/php.conf:1
2020/11/18 17:28:33 [emerg] 1#1: no "ssl_certificate" is defined for the "listen ... ssl" directive in /etc/nginx/conf.d/php.conf:1
